  [1m[35m (0.1ms)[0m  [1m[34mSELECT sqlite_version(*)[0m
  ↳ vendor/bundle/ruby/2.5.0/bin/rake:23
  [1m[35m (2.0ms)[0m  [1m[35mCREATE TABLE "schema_migrations" ("version" varchar NOT NULL PRIMARY KEY)[0m
  ↳ vendor/bundle/ruby/2.5.0/bin/rake:23
  [1m[35m (2.1ms)[0m  [1m[35mCREATE TABLE "ar_internal_metadata" ("key" varchar NOT NULL PRIMARY KEY, "value" varchar, "created_at" datetime NOT NULL, "updated_at" datetime NOT NULL)[0m
  ↳ vendor/bundle/ruby/2.5.0/bin/rake:23
  [1m[35m (0.2ms)[0m  [1m[34mSELECT "schema_migrations"."version" FROM "schema_migrations" ORDER BY "schema_migrations"."version" ASC[0m
  ↳ vendor/bundle/ruby/2.5.0/bin/rake:23
Migrating to CreateUsers (20200112120914)
  [1m[35m (0.1ms)[0m  [1m[36mbegin transaction[0m
  ↳ vendor/bundle/ruby/2.5.0/bin/rake:23
  [1m[35m (0.9ms)[0m  [1m[35mCREATE TABLE "users" ("id" integer PRIMARY KEY AUTOINCREMENT NOT NULL, "name" varchar, "age" integer, "created_at" datetime NOT NULL, "updated_at" datetime NOT NULL)[0m
  ↳ db/migrate/20200112120914_create_users.rb:3
  [1m[36mActiveRecord::SchemaMigration Create (0.7ms)[0m  [1m[32mINSERT INTO "schema_migrations" ("version") VALUES (?)[0m  [["version", "20200112120914"]]
  ↳ vendor/bundle/ruby/2.5.0/bin/rake:23
  [1m[35m (1.0ms)[0m  [1m[36mcommit transaction[0m
  ↳ vendor/bundle/ruby/2.5.0/bin/rake:23
  [1m[36mActiveRecord::InternalMetadata Load (0.1ms)[0m  [1m[34mSELECT  "ar_internal_metadata".* FROM "ar_internal_metadata" WHERE "ar_internal_metadata"."key" = ? LIMIT ?[0m  [["key", "environment"], ["LIMIT", 1]]
  ↳ vendor/bundle/ruby/2.5.0/bin/rake:23
  [1m[35m (0.1ms)[0m  [1m[36mbegin transaction[0m
  ↳ vendor/bundle/ruby/2.5.0/bin/rake:23
  [1m[36mActiveRecord::InternalMetadata Create (1.4ms)[0m  [1m[32mINSERT INTO "ar_internal_metadata" ("key", "value", "created_at", "updated_at") VALUES (?, ?, ?, ?)[0m  [["key", "environment"], ["value", "development"], ["created_at", "2020-01-12 12:10:30.644322"], ["updated_at", "2020-01-12 12:10:30.644322"]]
  ↳ vendor/bundle/ruby/2.5.0/bin/rake:23
  [1m[35m (1.2ms)[0m  [1m[36mcommit transaction[0m
  ↳ vendor/bundle/ruby/2.5.0/bin/rake:23
  [1m[35m (0.1ms)[0m  [1m[34mSELECT "schema_migrations"."version" FROM "schema_migrations" ORDER BY "schema_migrations"."version" ASC[0m
  ↳ vendor/bundle/ruby/2.5.0/bin/rake:23
  [1m[35m (0.5ms)[0m  [1m[34mSELECT "schema_migrations"."version" FROM "schema_migrations" ORDER BY "schema_migrations"."version" ASC[0m
  ↳ vendor/bundle/ruby/2.5.0/bin/rake:23
  [1m[35m (0.1ms)[0m  [1m[36mbegin transaction[0m
  ↳ db/seeds.rb:1
  [1m[36mUser Create (1.8ms)[0m  [1m[32mINSERT INTO "users" ("name", "age", "created_at", "updated_at") VALUES (?, ?, ?, ?)[0m  [["name", "斎藤"], ["age", 35], ["created_at", "2020-01-12 12:17:07.466676"], ["updated_at", "2020-01-12 12:17:07.466676"]]
  ↳ db/seeds.rb:1
  [1m[35m (1.1ms)[0m  [1m[36mcommit transaction[0m
  ↳ db/seeds.rb:1
  [1m[35m (0.0ms)[0m  [1m[36mbegin transaction[0m
  ↳ db/seeds.rb:2
  [1m[36mUser Create (1.0ms)[0m  [1m[32mINSERT INTO "users" ("name", "age", "created_at", "updated_at") VALUES (?, ?, ?, ?)[0m  [["name", "田中"], ["age", 21], ["created_at", "2020-01-12 12:17:07.471813"], ["updated_at", "2020-01-12 12:17:07.471813"]]
  ↳ db/seeds.rb:2
  [1m[35m (1.1ms)[0m  [1m[36mcommit transaction[0m
  ↳ db/seeds.rb:2
  [1m[35m (0.0ms)[0m  [1m[36mbegin transaction[0m
  ↳ db/seeds.rb:3
  [1m[36mUser Create (1.3ms)[0m  [1m[32mINSERT INTO "users" ("name", "age", "created_at", "updated_at") VALUES (?, ?, ?, ?)[0m  [["name", "斎藤"], ["age", 32], ["created_at", "2020-01-12 12:17:07.475315"], ["updated_at", "2020-01-12 12:17:07.475315"]]
  ↳ db/seeds.rb:3
  [1m[35m (1.3ms)[0m  [1m[36mcommit transaction[0m
  ↳ db/seeds.rb:3
  [1m[35m (0.1ms)[0m  [1m[36mbegin transaction[0m
  ↳ db/seeds.rb:4
  [1m[36mUser Create (1.0ms)[0m  [1m[32mINSERT INTO "users" ("name", "age", "created_at", "updated_at") VALUES (?, ?, ?, ?)[0m  [["name", "山崎"], ["age", 26], ["created_at", "2020-01-12 12:17:07.480949"], ["updated_at", "2020-01-12 12:17:07.480949"]]
  ↳ db/seeds.rb:4
  [1m[35m (1.1ms)[0m  [1m[36mcommit transaction[0m
  ↳ db/seeds.rb:4
  [1m[35m (0.0ms)[0m  [1m[36mbegin transaction[0m
  ↳ db/seeds.rb:5
  [1m[36mUser Create (1.0ms)[0m  [1m[32mINSERT INTO "users" ("name", "age", "created_at", "updated_at") VALUES (?, ?, ?, ?)[0m  [["name", "加藤"], ["age", 25], ["created_at", "2020-01-12 12:17:07.485604"], ["updated_at", "2020-01-12 12:17:07.485604"]]
  ↳ db/seeds.rb:5
  [1m[35m (1.2ms)[0m  [1m[36mcommit transaction[0m
  ↳ db/seeds.rb:5
  [1m[36mUser Load (1.8ms)[0m  [1m[34mSELECT  "users".* FROM "users" LIMIT ?[0m  [["LIMIT", 11]]
Started GET "/" for ::1 at 2020-01-15 22:30:31 +0900
  [1m[35m (0.5ms)[0m  [1m[34mSELECT "schema_migrations"."version" FROM "schema_migrations" ORDER BY "schema_migrations"."version" ASC[0m
  ↳ vendor/bundle/ruby/2.5.0/gems/activerecord-5.2.4.1/lib/active_record/log_subscriber.rb:98
Processing by Rails::WelcomeController#index as HTML
  Rendering vendor/bundle/ruby/2.5.0/gems/railties-5.2.4.1/lib/rails/templates/rails/welcome/index.html.erb
  Rendered vendor/bundle/ruby/2.5.0/gems/railties-5.2.4.1/lib/rails/templates/rails/welcome/index.html.erb (4.8ms)
Completed 200 OK in 36ms (Views: 14.9ms | ActiveRecord: 0.0ms)


Started GET "/users" for ::1 at 2020-01-15 22:30:47 +0900
Processing by UsersController#index as HTML
  Rendering users/index.html.erb within layouts/application
  [1m[36mUser Load (0.8ms)[0m  [1m[34mSELECT "users".* FROM "users"[0m
  ↳ app/views/users/index.html.erb:17
  Rendered users/index.html.erb within layouts/application (5.0ms)
Completed 200 OK in 387ms (Views: 360.5ms | ActiveRecord: 2.4ms)


Started GET "/users" for ::1 at 2020-01-15 22:32:51 +0900
Processing by UsersController#index as HTML
  Rendering users/index.html.erb within layouts/application
  [1m[36mUser Load (0.7ms)[0m  [1m[34mSELECT "users".* FROM "users"[0m
  ↳ app/views/users/index.html.erb:17
  Rendered users/index.html.erb within layouts/application (3.0ms)
Completed 200 OK in 46ms (Views: 38.6ms | ActiveRecord: 0.7ms)


Started GET "/users" for ::1 at 2020-01-15 22:32:52 +0900
Processing by UsersController#index as HTML
  Rendering users/index.html.erb within layouts/application
  [1m[36mUser Load (0.1ms)[0m  [1m[34mSELECT "users".* FROM "users"[0m
  ↳ app/views/users/index.html.erb:17
  Rendered users/index.html.erb within layouts/application (1.7ms)
Completed 200 OK in 29ms (Views: 24.0ms | ActiveRecord: 0.1ms)


Started GET "/users" for ::1 at 2020-01-15 22:32:52 +0900
Processing by UsersController#index as HTML
  Rendering users/index.html.erb within layouts/application
  [1m[36mUser Load (0.2ms)[0m  [1m[34mSELECT "users".* FROM "users"[0m
  ↳ app/views/users/index.html.erb:17
  Rendered users/index.html.erb within layouts/application (2.5ms)
Completed 200 OK in 29ms (Views: 22.9ms | ActiveRecord: 0.2ms)


Started GET "/users" for ::1 at 2020-01-15 22:33:02 +0900
Processing by UsersController#index as HTML
  Rendering users/index.html.erb within layouts/application
  [1m[36mUser Load (1.1ms)[0m  [1m[34mSELECT "users".* FROM "users"[0m
  ↳ app/views/users/index.html.erb:17
  Rendered users/index.html.erb within layouts/application (25.2ms)
Completed 200 OK in 535ms (Views: 472.3ms | ActiveRecord: 1.1ms)


Started GET "/users" for ::1 at 2020-01-15 22:34:23 +0900
Processing by UsersController#index as HTML
  Rendering users/index.html.erb within layouts/application
  [1m[36mUser Load (0.5ms)[0m  [1m[34mSELECT "users".* FROM "users"[0m
  ↳ app/views/users/index.html.erb:17
  Rendered users/index.html.erb within layouts/application (2.9ms)
Completed 200 OK in 44ms (Views: 38.3ms | ActiveRecord: 0.5ms)


Started GET "/users" for ::1 at 2020-01-15 22:34:25 +0900
Processing by UsersController#index as HTML
  Rendering users/index.html.erb within layouts/application
  [1m[36mUser Load (0.2ms)[0m  [1m[34mSELECT "users".* FROM "users"[0m
  ↳ app/views/users/index.html.erb:17
  Rendered users/index.html.erb within layouts/application (2.9ms)
Completed 200 OK in 46ms (Views: 40.2ms | ActiveRecord: 0.2ms)


Started GET "/users" for ::1 at 2020-01-15 22:36:08 +0900
Processing by UsersController#index as HTML
  Rendering users/index.html.erb within layouts/application
  [1m[36mUser Load (0.1ms)[0m  [1m[34mSELECT "users".* FROM "users"[0m
  ↳ app/views/users/index.html.erb:17
  Rendered users/index.html.erb within layouts/application (3.1ms)
Completed 200 OK in 45ms (Views: 38.8ms | ActiveRecord: 0.1ms)


Started GET "/users?utf8=%E2%9C%93&search_name=%E7%94%B0%E4%B8%AD&search_age=&commit=%E6%A4%9C%E7%B4%A2" for ::1 at 2020-01-15 22:36:16 +0900
Processing by UsersController#index as HTML
  Parameters: {"utf8"=>"✓", "search_name"=>"田中", "search_age"=>"", "commit"=>"検索"}
Unpermitted parameters: :utf8, :commit
  Rendering users/index.html.erb within layouts/application
  [1m[36mUser Load (0.4ms)[0m  [1m[34mSELECT "users".* FROM "users" WHERE "users"."name" = '田中'[0m
  ↳ app/views/users/index.html.erb:17
  Rendered users/index.html.erb within layouts/application (5.4ms)
Completed 200 OK in 53ms (Views: 45.2ms | ActiveRecord: 0.4ms)


Started GET "/users?utf8=%E2%9C%93&search_name=&search_age=21&commit=%E6%A4%9C%E7%B4%A2" for ::1 at 2020-01-15 22:36:19 +0900
Processing by UsersController#index as HTML
  Parameters: {"utf8"=>"✓", "search_name"=>"", "search_age"=>"21", "commit"=>"検索"}
Unpermitted parameters: :utf8, :commit
  Rendering users/index.html.erb within layouts/application
  [1m[36mUser Load (0.3ms)[0m  [1m[34mSELECT "users".* FROM "users" WHERE "users"."age" = 21[0m
  ↳ app/views/users/index.html.erb:17
  Rendered users/index.html.erb within layouts/application (6.8ms)
Completed 200 OK in 59ms (Views: 52.4ms | ActiveRecord: 0.3ms)


Started GET "/users?utf8=%E2%9C%93&search_name=&search_age=11&commit=%E6%A4%9C%E7%B4%A2" for ::1 at 2020-01-15 22:36:22 +0900
Processing by UsersController#index as HTML
  Parameters: {"utf8"=>"✓", "search_name"=>"", "search_age"=>"11", "commit"=>"検索"}
Unpermitted parameters: :utf8, :commit
  Rendering users/index.html.erb within layouts/application
  [1m[36mUser Load (0.2ms)[0m  [1m[34mSELECT "users".* FROM "users" WHERE "users"."age" = 11[0m
  ↳ app/views/users/index.html.erb:17
  Rendered users/index.html.erb within layouts/application (3.3ms)
Completed 200 OK in 43ms (Views: 37.9ms | ActiveRecord: 0.2ms)


Started GET "/users?utf8=%E2%9C%93&search_name=&search_age=&commit=%E6%A4%9C%E7%B4%A2" for ::1 at 2020-01-15 22:36:23 +0900
Processing by UsersController#index as HTML
  Parameters: {"utf8"=>"✓", "search_name"=>"", "search_age"=>"", "commit"=>"検索"}
Unpermitted parameters: :utf8, :commit
  Rendering users/index.html.erb within layouts/application
  [1m[36mUser Load (0.1ms)[0m  [1m[34mSELECT "users".* FROM "users"[0m
  ↳ app/views/users/index.html.erb:17
  Rendered users/index.html.erb within layouts/application (3.0ms)
Completed 200 OK in 43ms (Views: 37.7ms | ActiveRecord: 0.1ms)


Started GET "/users?utf8=%E2%9C%93&search_name=&search_age=32&commit=%E6%A4%9C%E7%B4%A2" for ::1 at 2020-01-15 22:36:26 +0900
Processing by UsersController#index as HTML
  Parameters: {"utf8"=>"✓", "search_name"=>"", "search_age"=>"32", "commit"=>"検索"}
Unpermitted parameters: :utf8, :commit
  Rendering users/index.html.erb within layouts/application
  [1m[36mUser Load (2.0ms)[0m  [1m[34mSELECT "users".* FROM "users" WHERE "users"."age" = 32[0m
  ↳ app/views/users/index.html.erb:17
  Rendered users/index.html.erb within layouts/application (3.9ms)
Completed 200 OK in 56ms (Views: 46.6ms | ActiveRecord: 2.0ms)


Started GET "/users?utf8=%E2%9C%93&search_name=&search_age=&commit=%E6%A4%9C%E7%B4%A2" for ::1 at 2020-01-15 22:36:28 +0900
Processing by UsersController#index as HTML
  Parameters: {"utf8"=>"✓", "search_name"=>"", "search_age"=>"", "commit"=>"検索"}
Unpermitted parameters: :utf8, :commit
  Rendering users/index.html.erb within layouts/application
  [1m[36mUser Load (0.2ms)[0m  [1m[34mSELECT "users".* FROM "users"[0m
  ↳ app/views/users/index.html.erb:17
  Rendered users/index.html.erb within layouts/application (3.7ms)
Completed 200 OK in 69ms (Views: 63.2ms | ActiveRecord: 0.2ms)


Started GET "/users?utf8=%E2%9C%93&search_name=%E5%B1%B1&search_age=&commit=%E6%A4%9C%E7%B4%A2" for ::1 at 2020-01-15 22:42:21 +0900
Processing by UsersController#index as HTML
  Parameters: {"utf8"=>"✓", "search_name"=>"山", "search_age"=>"", "commit"=>"検索"}
Unpermitted parameters: :utf8, :commit
  Rendering users/index.html.erb within layouts/application
  [1m[36mUser Load (0.8ms)[0m  [1m[34mSELECT "users".* FROM "users" WHERE "users"."name" = '山'[0m
  ↳ app/views/users/index.html.erb:17
  Rendered users/index.html.erb within layouts/application (4.2ms)
Completed 200 OK in 49ms (Views: 41.7ms | ActiveRecord: 1.0ms)


Started GET "/users?utf8=%E2%9C%93&search_name=%E4%B8%AD&search_age=&commit=%E6%A4%9C%E7%B4%A2" for ::1 at 2020-01-15 22:42:28 +0900
Processing by UsersController#index as HTML
  Parameters: {"utf8"=>"✓", "search_name"=>"中", "search_age"=>"", "commit"=>"検索"}
Unpermitted parameters: :utf8, :commit
  Rendering users/index.html.erb within layouts/application
  [1m[36mUser Load (0.3ms)[0m  [1m[34mSELECT "users".* FROM "users" WHERE "users"."name" = '中'[0m
  ↳ app/views/users/index.html.erb:17
  Rendered users/index.html.erb within layouts/application (2.8ms)
Completed 200 OK in 39ms (Views: 32.1ms | ActiveRecord: 0.3ms)


Started GET "/users?utf8=%E2%9C%93&search_name=%E4%B8%AD&search_age=&commit=%E6%A4%9C%E7%B4%A2" for ::1 at 2020-01-15 22:43:38 +0900
Processing by UsersController#index as HTML
  Parameters: {"utf8"=>"✓", "search_name"=>"中", "search_age"=>"", "commit"=>"検索"}
Unpermitted parameters: :utf8, :commit
  Rendering users/index.html.erb within layouts/application
  [1m[36mUser Load (1.3ms)[0m  [1m[34mSELECT "users".* FROM "users" WHERE "users"."name" LIKE '%中%'[0m
  ↳ app/views/users/index.html.erb:17
  Rendered users/index.html.erb within layouts/application (5.6ms)
Completed 200 OK in 70ms (Views: 36.7ms | ActiveRecord: 3.6ms)


Started GET "/users?utf8=%E2%9C%93&search_name=%E4%B8%AD&search_age=&commit=%E6%A4%9C%E7%B4%A2" for ::1 at 2020-01-15 22:43:43 +0900
Processing by UsersController#index as HTML
  Parameters: {"utf8"=>"✓", "search_name"=>"中", "search_age"=>"", "commit"=>"検索"}
Unpermitted parameters: :utf8, :commit
  Rendering users/index.html.erb within layouts/application
  [1m[36mUser Load (0.2ms)[0m  [1m[34mSELECT "users".* FROM "users" WHERE "users"."name" LIKE '%中%'[0m
  ↳ app/views/users/index.html.erb:17
  Rendered users/index.html.erb within layouts/application (2.5ms)
Completed 200 OK in 43ms (Views: 36.3ms | ActiveRecord: 0.2ms)


Started GET "/users?utf8=%E2%9C%93&search_name=&search_age=&commit=%E6%A4%9C%E7%B4%A2" for ::1 at 2020-01-15 22:43:45 +0900
Processing by UsersController#index as HTML
  Parameters: {"utf8"=>"✓", "search_name"=>"", "search_age"=>"", "commit"=>"検索"}
Unpermitted parameters: :utf8, :commit
  Rendering users/index.html.erb within layouts/application
  [1m[36mUser Load (0.6ms)[0m  [1m[34mSELECT "users".* FROM "users"[0m
  ↳ app/views/users/index.html.erb:17
  Rendered users/index.html.erb within layouts/application (3.4ms)
Completed 200 OK in 48ms (Views: 43.1ms | ActiveRecord: 0.6ms)


Started GET "/users?utf8=%E2%9C%93&search_name=%E4%B8%AD&search_age=&commit=%E6%A4%9C%E7%B4%A2" for ::1 at 2020-01-15 22:43:47 +0900
Processing by UsersController#index as HTML
  Parameters: {"utf8"=>"✓", "search_name"=>"中", "search_age"=>"", "commit"=>"検索"}
Unpermitted parameters: :utf8, :commit
  Rendering users/index.html.erb within layouts/application
  [1m[36mUser Load (0.2ms)[0m  [1m[34mSELECT "users".* FROM "users" WHERE "users"."name" LIKE '%中%'[0m
  ↳ app/views/users/index.html.erb:17
  Rendered users/index.html.erb within layouts/application (3.4ms)
Completed 200 OK in 48ms (Views: 41.5ms | ActiveRecord: 0.2ms)


